make all --print-data-base --no-builtin-variables --no-builtin-rules --question
# GNU Make 3.81
# Copyright (C) 2006  Free Software Foundation, Inc.
# This is free software; see the source for copying conditions.
# There is NO warranty; not even for MERCHANTABILITY or FITNESS FOR A
# PARTICULAR PURPOSE.

# This program built for i386-apple-darwin11.3.0
 

# Make data base, printed on Fri Jul 22 16:07:52 2022

# Variables

# automatic
<D = $(patsubst %/,%,$(dir $<))
# automatic
?F = $(notdir $?)
# automatic
?D = $(patsubst %/,%,$(dir $?))
# automatic
@D = $(patsubst %/,%,$(dir $@))
# automatic
@F = $(notdir $@)
# makefile
CURDIR := /Users/User/Documents/42circus/small_c3d
# makefile
SHELL = /bin/sh
# makefile (from `Makefile', line 18)
RM := rm -rf
# environment
VSCODE_NLS_CONFIG = {"locale":"ko","availableLanguages":{},"_languagePackSupport":true}
# environment
_ = /usr/bin/make
# makefile (from `Makefile', line 17)
CFLAGS := -Wall -Wextra -Werror -g
# makefile (from `Makefile', line 1)
MAKEFILE_LIST :=  Makefile
# makefile (from `Makefile', line 21)
LIBMLX_DIR := mlx
# makefile (from `Makefile', line 34)
OBJS := ./objs/main.o
# environment
VSCODE_CWD = /
# environment
PATH = /usr/local/opt/python@3.8/bin:/usr/local/opt/openssl@3/bin:/usr/local/opt/ruby/bin:/usr/local/bin:/usr/bin:/bin:/usr/sbin:/sbin:/Library/Apple/usr/bin:/Applications/Wireshark.app/Contents/MacOS
# makefile (from `Makefile', line 22)
LIBMLX_INCLUDE := mlx
# makefile (from `Makefile', line 14)
VPATH := Makefile cub3D include libmlx.dylib main.c mlx objs texture  ./include: ray_casting.h  ./mlx: Makefile font.c interface.o interface.swift libmlx.dylib man mlx.h mlx_image.o mlx_image.swift mlx_image.swiftdoc mlx_image.swiftmodule mlx_image.swiftsourceinfo mlx_init.o mlx_init.swift mlx_init.swiftdoc mlx_init.swiftmodule mlx_init.swiftsourceinfo mlx_png.c mlx_png.o mlx_rgb.c mlx_string_put.c mlx_string_put.o mlx_window.o mlx_window.swift mlx_window.swiftdoc mlx_window.swiftmodule mlx_window.swiftsourceinfo mlx_xpm.c mlx_xpm.o  ./mlx/man: man3  ./mlx/man/man3: mlx.3 mlx_loop.3 mlx_new_image.3 mlx_new_window.3 mlx_pixel_put.3  ./objs: main.o  ./texture: W3d_protobluewall1.png W3d_protograywallshade1.png W3d_protoredbrick1.png Wolf3D_Door1proto.png red_brick_wall.xpm wall1.xpm
# environment
LaunchInstanceID = 9D719664-C059-431A-88E7-940C86B8BB1C
# environment
ELECTRON_RUN_AS_NODE = 1
# default
.FEATURES := target-specific order-only second-expansion else-if archives jobserver check-symlink
# makefile (from `Makefile', line 27)
INCLUDE_FILES := ./include/ray_casting.h
# makefile (from `Makefile', line 23)
LIBMLX := libmlx.dylib
# environment
SSH_AUTH_SOCK = /private/tmp/com.apple.launchd.QFDoXXhHcX/Listeners
# automatic
%F = $(notdir $%)
# environment
PWD = /Users/User/Documents/42circus/small_c3d
# environment
PKG_CONFIG_PATH = /usr/local/opt/openssl@3/lib/pkgconfig
# environment
ORIGINAL_XDG_CURRENT_DESKTOP = undefined
# environment
VSCODE_AMD_ENTRYPOINT = vs/workbench/api/node/extensionHostProcess
# environment
HOME = /Users/User
# default
MAKEFILEPATH := /Applications/Xcode.app/Contents/Developer/Makefiles
# environment
VSCODE_CODE_CACHE_PATH = /Users/User/Library/Application Support/Code/CachedData/3b889b090b5ad5793f524b5d1d39fda662b96a2a
# environment
LOGNAME = User
# environment
APPLICATION_INSIGHTS_NO_DIAGNOSTIC_CHANNEL = 1
# environment
VSCODE_HANDLES_UNCAUGHT_ERRORS = true
# automatic
^D = $(patsubst %/,%,$(dir $^))
# environment
XPC_FLAGS = 0x0
# default
MAKE = $(MAKE_COMMAND)
# default
MAKECMDGOALS := all
# makefile (from `Makefile', line 30)
SRCS := main.c
# environment
SHLVL = 1
# makefile (from `Makefile', line 16)
CC := cc
# default
MAKE_VERSION := 3.81
# environment
USER = User
# makefile
.DEFAULT_GOAL := all
# makefile (from `Makefile', line 26)
INCLUDE := ./include/
# makefile (from `Makefile', line 13)
NAME := cub3D
# automatic
%D = $(patsubst %/,%,$(dir $%))
# default
MAKE_COMMAND := /Applications/Xcode.app/Contents/Developer/usr/bin/make
# default
.VARIABLES := 
# environment
TMPDIR = /var/folders/nn/58cx7b0j31s8fqs0px6gbk_m0000gn/T/
# automatic
*F = $(notdir $*)
# environment
VSCODE_IPC_HOOK = /Users/User/Library/Application Support/Code/1.69.2-main.sock
# environment
MallocNanoZone = 0
# makefile
MAKEFLAGS = Rrqp
# environment
MFLAGS = -Rrqp
# automatic
*D = $(patsubst %/,%,$(dir $*))
# environment
XPC_SERVICE_NAME = com.microsoft.VSCode.81328
# makefile (from `Makefile', line 33)
OBJS_DIR := ./objs/
# automatic
+D = $(patsubst %/,%,$(dir $+))
# automatic
+F = $(notdir $+)
# environment
__CF_USER_TEXT_ENCODING = 0x1F5:0x3:0x33
# environment
COMMAND_MODE = unix2003
# default
MAKEFILES := 
# automatic
<F = $(notdir $<)
# environment
LC_ALL = C
# environment
SECURITYSESSIONID = 186a6
# automatic
^F = $(notdir $^)
# default
SUFFIXES := 
# default
.INCLUDE_DIRS = /usr/local/include
# environment
MAKELEVEL := 0
# environment
LANG = C
# environment
VSCODE_PID = 15761
# variable set hash-table stats:
# Load=73/1024=7%, Rehash=0, Collisions=5/112=4%

# Pattern-specific Variable Values

# No pattern-specific variable values.

# Directories

# ./objs (device 16777220, inode 8696805444): No files, no impossibilities so far.
# ./mlx (device 16777220, inode 8696805293): No files, no impossibilities so far.
# W3d_protoredbrick1.png: could not be stat'd.
# mlx_loop.3: could not be stat'd.
# mlx_string_put.o: could not be stat'd.
# interface.o: could not be stat'd.
# ./include (device 16777220, inode 8696805357): No files, no impossibilities so far.
# mlx_new_image.3: could not be stat'd.
# Makefile (device 16777220, inode 8696805356): could not be opened.
# include (device 16777220, inode 8696805357): No files, no impossibilities so far.
# . (device 16777220, inode 8696805219): 13 files, no impossibilities.
# red_brick_wall.xpm: could not be stat'd.
# mlx_png.c: could not be stat'd.
# mlx_init.swiftdoc: could not be stat'd.
# mlx_image.swift: could not be stat'd.
# ray_casting.h: could not be stat'd.
# man: could not be stat'd.
# main.o: could not be stat'd.
# mlx_xpm.c: could not be stat'd.
# mlx_window.o: could not be stat'd.
# mlx_init.swiftsourceinfo: could not be stat'd.
# ./mlx/man/man3 (device 16777220, inode 8696805298): No files, no impossibilities so far.
# Wolf3D_Door1proto.png: could not be stat'd.
# mlx.h: could not be stat'd.
# mlx_init.swiftmodule: could not be stat'd.
# mlx (device 16777220, inode 8696805293): No files, no impossibilities so far.
# mlx_string_put.c: could not be stat'd.
# man3: could not be stat'd.
# objs (device 16777220, inode 8696805444): No files, no impossibilities so far.
# mlx.3: could not be stat'd.
# W3d_protograywallshade1.png: could not be stat'd.
# libmlx.dylib (device 16777220, inode 8696805443): could not be opened.
# mlx_window.swiftdoc: could not be stat'd.
# mlx_init.swift: could not be stat'd.
# mlx_window.swiftsourceinfo: could not be stat'd.
# mlx_image.o: could not be stat'd.
# wall1.xpm: could not be stat'd.
# interface.swift: could not be stat'd.
# main.c (device 16777220, inode 8696805359): could not be opened.
# W3d_protobluewall1.png: could not be stat'd.
# mlx_pixel_put.3: could not be stat'd.
# font.c: could not be stat'd.
# cub3D (device 16777220, inode 8696805446): could not be opened.
# mlx_new_window.3: could not be stat'd.
# mlx_window.swiftmodule: could not be stat'd.
# ./mlx/man (device 16777220, inode 8696805297): No files, no impossibilities so far.
# mlx_png.o: could not be stat'd.
# mlx_image.swiftmodule: could not be stat'd.
# mlx_window.swift: could not be stat'd.
# mlx_image.swiftdoc: could not be stat'd.
# mlx_xpm.o: could not be stat'd.
# ./texture (device 16777220, inode 8696805360): No files, no impossibilities so far.
# mlx_rgb.c: could not be stat'd.
# texture (device 16777220, inode 8696805360): No files, no impossibilities so far.
# mlx_image.swiftsourceinfo: could not be stat'd.
# mlx_init.o: could not be stat'd.

# 13 files, no impossibilities in 56 directories.

# Implicit Rules

objs/%.o: %.c
#  commands to execute (from `Makefile', line 48):
	$(CC) $(CFLAGS) -I$(LIBMLX_INCLUDE) -I$(INCLUDE) -c $< -o $@
	

# 1 implicit rules, 0 (0.0%) terminal.

# Files

objs/main.o: main.c
#  Implicit rule search has been done.
#  Implicit/static pattern stem: `main'
#  Last modified 2022-07-22 16:03:42
#  File has been updated.
#  Successfully updated.
# variable set hash-table stats:
# Load=0/32=0%, Rehash=0, Collisions=0/0=0%
#  commands to execute (from `Makefile', line 48):
	$(CC) $(CFLAGS) -I$(LIBMLX_INCLUDE) -I$(INCLUDE) -c $< -o $@
	

 
all: libmlx.dylib cub3D
#  Phony target (prerequisite of .PHONY).
#  Command-line target.
#  Implicit rule search has not been done.
#  File does not exist.
#  File has been updated.
#  Successfully updated.
# variable set hash-table stats:
# Load=0/32=0%, Rehash=0, Collisions=0/0=0%

.PHONY: all clean fclean re
#  Implicit rule search has not been done.
#  Modification time never checked.
#  File has not been updated.

# Not a target:
main.c:
#  Implicit rule search has been done.
#  Last modified 2022-07-22 16:03:22
#  File has been updated.
#  Successfully updated.
# variable set hash-table stats:
# Load=0/32=0%, Rehash=0, Collisions=0/0=0%

cub3D: objs/ objs/main.o
#  Implicit rule search has not been done.
#  Last modified 2022-07-22 16:03:42
#  File has been updated.
#  Successfully updated.
# variable set hash-table stats:
# Load=0/32=0%, Rehash=0, Collisions=0/0=0%
#  commands to execute (from `Makefile', line 40):
	$(CC) $(CFLAGS) $(OBJS) $(LIBMLX) -o $@
	

# Not a target:
.SUFFIXES:
#  Implicit rule search has not been done.
#  Modification time never checked.
#  File has not been updated.

# Not a target:
Makefile:
#  Implicit rule search has been done.
#  Last modified 2022-07-22 16:03:22
#  File has been updated.
#  Successfully updated.
# variable set hash-table stats:
# Load=0/32=0%, Rehash=0, Collisions=0/0=0%

objs/:
#  Implicit rule search has not been done.
#  Last modified 2022-07-22 16:03:42
#  File has been updated.
#  Successfully updated.
#  commands to execute (from `Makefile', line 43):
	@if [ ! -d $(OBJS_DIR) ]; then \
	mkdir -p $(OBJS_DIR); \
	fi
	

fclean:
#  Phony target (prerequisite of .PHONY).
#  Implicit rule search has not been done.
#  File does not exist.
#  File has not been updated.
#  commands to execute (from `Makefile', line 63):
	$(MAKE) clean
	$(RM) $(NAME) $(LIBMLX)
	make -C $(LIBMLX_DIR) clean
	

# Not a target:
.DEFAULT:
#  Implicit rule search has not been done.
#  Modification time never checked.
#  File has not been updated.

libmlx.dylib:
#  Implicit rule search has not been done.
#  Last modified 2022-07-22 16:03:42
#  File has been updated.
#  Successfully updated.
#  commands to execute (from `Makefile', line 54):
	make -C $(LIBMLX_DIR) all
	cp $(LIBMLX_DIR)/$(LIBMLX) ./
	

re:
#  Phony target (prerequisite of .PHONY).
#  Implicit rule search has not been done.
#  File does not exist.
#  File has not been updated.
#  commands to execute (from `Makefile', line 69):
	$(MAKE) fclean
	$(MAKE) all
	

clean:
#  Phony target (prerequisite of .PHONY).
#  Implicit rule search has not been done.
#  File does not exist.
#  File has not been updated.
#  commands to execute (from `Makefile', line 59):
	$(RM) $(OBJS_DIR)
	

# files hash-table stats:
# Load=13/1024=1%, Rehash=0, Collisions=0/40=0%
# VPATH Search Paths

# No `vpath' search paths.

# General (`VPATH' variable) search path:
# include:mlx:objs:texture:./include:./mlx:./mlx/man:./mlx/man/man3:./objs:./texture

# # of strings in strcache: 1
# # of strcache buffers: 1
# strcache size: total = 4096 / max = 4096 / min = 4096 / avg = 4096
# strcache free: total = 4087 / max = 4087 / min = 4087 / avg = 4087

# Finished Make data base on Fri Jul 22 16:07:52 2022

 
